<?xml version="1.0" encoding="UTF-8"?>
<testsuite name="Scenario: If there is not a current song, user should receive a Not Found error." tests="4" skipped="0" failures="0" errors="0" timestamp="2016-04-17T20:36:10" hostname="Jordi-VAIO" time="0.186">
  <properties/>
  <testcase name="Given &quot;TCM&quot; is not playing any song" classname="Scenario: If there is not a current song, user should receive a Not Found error." time="0.0"/>
  <testcase name="When user searches for university's &quot;TCM&quot; current song" classname="Scenario: If there is not a current song, user should receive a Not Found error." time="0.0"/>
  <testcase name="Then Not Found error will be returned" classname="Scenario: If there is not a current song, user should receive a Not Found error." time="0.0"/>
  <testcase name="classMethod" classname="Scenario: If there is not a current song, user should receive a Not Found error." time="0.239"/>
  <system-out><![CDATA[2016-04-17 22:36:10.058  INFO 304 --- [    Test worker] o.s.t.c.support.AbstractContextLoader    : Could not detect default resource locations for test class [com.unify.test.AbstractTests]: no resource found for suffixes {-context.xml, Context.groovy}.
2016-04-17 22:36:10.061  INFO 304 --- [    Test worker] WebAppIntegrationTestContextBootstrapper : Loaded default TestExecutionListener class names from location [META-INF/spring.factories]: [org.springframework.test.context.web.ServletTestExecutionListener, org.springframework.test.context.support.DirtiesContextBeforeModesTestExecutionListener, org.springframework.test.context.support.DependencyInjectionTestExecutionListener, org.springframework.test.context.support.DirtiesContextTestExecutionListener, org.springframework.test.context.transaction.TransactionalTestExecutionListener, org.springframework.test.context.jdbc.SqlScriptsTestExecutionListener]
2016-04-17 22:36:10.062  INFO 304 --- [    Test worker] WebAppIntegrationTestContextBootstrapper : Using TestExecutionListeners: [org.springframework.test.context.web.ServletTestExecutionListener@c36d282, org.springframework.test.context.support.DirtiesContextBeforeModesTestExecutionListener@240b53e1, org.springframework.test.context.support.DependencyInjectionTestExecutionListener@147c73db, org.springframework.test.context.support.DirtiesContextTestExecutionListener@65e1c5d5, org.springframework.test.context.transaction.TransactionalTestExecutionListener@5f79b929, org.springframework.test.context.jdbc.SqlScriptsTestExecutionListener@21136d7c]
2016-04-17 22:36:10.062  INFO 304 --- [    Test worker] o.s.b.f.s.DefaultListableBeanFactory     : Replacing scope 'cucumber-glue' from [cucumber.runtime.java.spring.GlueCodeScope@2b9fcb29] to [cucumber.runtime.java.spring.GlueCodeScope@3da28846]

  Scenario: Users logged in a university, should be able to listen current song. ?[90m# listenCurrentSong.feature:5?[0m
    ?[32mGiven ?[0m?[32m"?[0m?[32m?[1mTCM?[0m?[32m" is playing:?[0m                                                      ?[90m# ListenCurrentSongTests.is_playing(String,Song>)?[0m
    ?[32mWhen ?[0m?[32muser searches for university "?[0m?[32m?[1mTCM?[0m?[32m" current song?[0m                         ?[90m# ListenCurrentSongTests.user_searches_for_university_current_song(String)?[0m
    ?[32mThen ?[0m?[32mwill return a song:?[0m                                                     ?[90m# ListenCurrentSongTests.will_return_a_song(Song>)?[0m
]]></system-out>
  <system-err><![CDATA[]]></system-err>
</testsuite>
