<?xml version="1.0" encoding="UTF-8"?>
<testsuite name="Scenario: If there is no time left to the current song, user should receive a Not Found error." tests="5" skipped="0" failures="0" errors="0" timestamp="2016-04-17T20:36:10" hostname="Jordi-VAIO" time="2.035">
  <properties/>
  <testcase name="Given &quot;TCM&quot; is playing a song:" classname="Scenario: If there is no time left to the current song, user should receive a Not Found error." time="0.0"/>
  <testcase name="And System waits for &quot;2&quot; seconds" classname="Scenario: If there is no time left to the current song, user should receive a Not Found error." time="0.0"/>
  <testcase name="When user searches for &quot;TCM&quot; song" classname="Scenario: If there is no time left to the current song, user should receive a Not Found error." time="0.0"/>
  <testcase name="Then Not Found error will be shown" classname="Scenario: If there is no time left to the current song, user should receive a Not Found error." time="0.0"/>
  <testcase name="classMethod" classname="Scenario: If there is no time left to the current song, user should receive a Not Found error." time="2.202"/>
  <system-out><![CDATA[2016-04-17 22:36:10.297  INFO 304 --- [    Test worker] o.s.t.c.support.AbstractContextLoader    : Could not detect default resource locations for test class [com.unify.test.AbstractTests]: no resource found for suffixes {-context.xml, Context.groovy}.
2016-04-17 22:36:10.302  INFO 304 --- [    Test worker] WebAppIntegrationTestContextBootstrapper : Loaded default TestExecutionListener class names from location [META-INF/spring.factories]: [org.springframework.test.context.web.ServletTestExecutionListener, org.springframework.test.context.support.DirtiesContextBeforeModesTestExecutionListener, org.springframework.test.context.support.DependencyInjectionTestExecutionListener, org.springframework.test.context.support.DirtiesContextTestExecutionListener, org.springframework.test.context.transaction.TransactionalTestExecutionListener, org.springframework.test.context.jdbc.SqlScriptsTestExecutionListener]
2016-04-17 22:36:10.303  INFO 304 --- [    Test worker] WebAppIntegrationTestContextBootstrapper : Using TestExecutionListeners: [org.springframework.test.context.web.ServletTestExecutionListener@107a14b8, org.springframework.test.context.support.DirtiesContextBeforeModesTestExecutionListener@adce3b8, org.springframework.test.context.support.DependencyInjectionTestExecutionListener@14315f9, org.springframework.test.context.support.DirtiesContextTestExecutionListener@3a08535c, org.springframework.test.context.transaction.TransactionalTestExecutionListener@7a175f71, org.springframework.test.context.jdbc.SqlScriptsTestExecutionListener@173ba2a8]
2016-04-17 22:36:10.304  INFO 304 --- [    Test worker] o.s.b.f.s.DefaultListableBeanFactory     : Replacing scope 'cucumber-glue' from [cucumber.runtime.java.spring.GlueCodeScope@3da28846] to [cucumber.runtime.java.spring.GlueCodeScope@76a4a14d]

  Scenario: If there is not a current song, user should receive a Not Found error. ?[90m# listenCurrentSong.feature:21?[0m
    ?[32mGiven ?[0m?[32m"?[0m?[32m?[1mTCM?[0m?[32m" is not playing any song?[0m                                            ?[90m# ListenCurrentSongTests.is_not_playing_any_song(String)?[0m
    ?[32mWhen ?[0m?[32muser searches for university's "?[0m?[32m?[1mTCM?[0m?[32m" current song?[0m                         ?[90m# ListenCurrentSongTests.user_searches_for_university_s_current_song(String)?[0m
    ?[32mThen ?[0m?[32mNot Found error will be returned?[0m                                          ?[90m# ListenCurrentSongTests.not_Found_error_will_be_returned()?[0m
]]></system-out>
  <system-err><![CDATA[]]></system-err>
</testsuite>
